build/app/outputs/mapping/release/seeds.txt
com.example.admin_management.MainActivity
com.example.admin_management.MainActivity: MainActivity()
...
androidx.window.layout.WindowMetricsCalculator: androidx.window.layout.WindowMetricsCalculator$Companion Companion
androidx.window.core.Version: java.lang.String description
kotlin.jvm.internal.CallableReference: java.lang.Class owner
kotlinx.coroutines.DefaultExecutor: java.lang.Thread _thread
kotlinx.coroutines.channels.ArrayChannel: int size
androidx.window.R$styleable: int SplitPlaceholderRule_splitRatio
io.flutter.embedding.android.FlutterSplashView$SavedState: java.lang.String previousCompletedSplashIsolate
kotlinx.coroutines.JobSupport: java.lang.Object _parentHandle
androidx.window.layout.SidecarWindowBackend: androidx.window.layout.ExtensionInterfaceCompat windowExtension
androidx.window.layout.SidecarCompat: java.util.Map windowListenerRegisteredContexts
androidx.window.embedding.SplitController: boolean sDebug
androidx.window.layout.SidecarCompat$FirstAttachAdapter: java.lang.ref.WeakReference activityWeakReference
androidx.window.R$styleable: int SplitPlaceholderRule_splitLayoutDirection
androidx.window.layout.WindowMetricsCalculatorCompat: java.lang.String TAG
androidx.window.R$attr: int alwaysExpand
androidx.window.embedding.SplitPairRule: java.util.Set filters
io.flutter.plugin.editing.ImeSyncDeferringInsetsCallback: int deferredInsetTypes
androidx.window.layout.SidecarCompat$DistinctElementCallback: java.util.concurrent.locks.ReentrantLock lock
androidx.window.embedding.SplitPairFilter: java.lang.String secondaryActivityIntentAction
androidx.window.R$styleable: int SplitPlaceholderRule_splitMinWidth
androidx.window.R$styleable: int[] SplitPairFilter
androidx.window.layout.WindowLayoutInfo: java.util.List displayFeatures
kotlinx.coroutines.scheduling.CoroutineScheduler$Worker: java.lang.Object nextParkedWorker
androidx.window.layout.DisplayCompatHelperApi17: androidx.window.layout.DisplayCompatHelperApi17 INSTANCE
androidx.window.R$styleable: int ActivityFilter_activityAction
androidx.window.R$id: int locale
androidx.window.layout.EmptyDecorator: androidx.window.layout.EmptyDecorator INSTANCE
androidx.window.layout.FoldingFeature$Orientation: java.lang.String description
io.flutter.embedding.engine.FlutterOverlaySurface: int id
kotlinx.coroutines.internal.LockFreeTaskQueueCore: java.lang.Object _next
io.flutter.embedding.engine.FlutterJNI: io.flutter.plugin.localization.LocalizationPlugin localizationPlugin
androidx.window.R$styleable: int[] ActivityFilter
androidx.window.java.layout.WindowInfoTrackerCallbackAdapter: java.util.Map consumerToJobMap
kotlinx.coroutines.EventLoopImplBase: java.lang.Object _delayed
kotlinx.coroutines.scheduling.WorkQueue: int blockingTasksInBuffer
io.flutter.embedding.engine.renderer.SurfaceTextureWrapper: boolean attached
androidx.lifecycle.Lifecycle$Event: androidx.lifecycle.Lifecycle$Event ON_START
androidx.window.R$styleable: int ActivityRule_alwaysExpand
androidx.window.layout.SidecarCompat$DistinctElementCallback: java.util.WeakHashMap activityWindowLayoutInfo
kotlinx.coroutines.EventLoopImplBase: java.lang.Object _queue
kotlinx.coroutines.InvokeOnCancelling: int _invoked
androidx.window.java.layout.WindowInfoTrackerCallbackAdapter$addListener$1$1: androidx.core.util.Consumer $consumer
androidx.window.layout.FoldingFeature$State: java.lang.String description
androidx.window.embedding.SplitRule$Api30Impl: androidx.window.embedding.SplitRule$Api30Impl INSTANCE
androidx.window.layout.WindowInfoTrackerImpl$windowLayoutInfo$1: android.app.Activity $activity
androidx.window.core.Bounds: int right
kotlinx.coroutines.JobSupport$Finishing: java.lang.Object _exceptionsHolder
androidx.window.layout.SidecarCompat: void setExtensionCallback(androidx.window.layout.ExtensionInterfaceCompat$ExtensionCallbackInterface)
androidx.window.embedding.SplitController: boolean isSplitSupported()
io.flutter.plugin.editing.ImeSyncDeferringInsetsCallback: android.view.WindowInsets access$602(io.flutter.plugin.editing.ImeSyncDeferringInsetsCallback,android.view.WindowInsets)