build/app/outputs/mapping/release/mapping.txt
# compiler: R8
# compiler_version: 3.3.70
# min_api: 19
# common_typos_disable
# {"id":"com.android.tools.r8.mapping","version":"2.0"}
# pg_map_id: ba6bf6b
# pg_map_hash: SHA-256 ba6bf6b6c84385ff998aa557c8cc9106f525e7d22197c7034239b5240bad313d
...
androidx.core.view.ViewCompat$Api21Impl$1 -> androidx.core.view.e$g$a:
    androidx.core.view.OnApplyWindowInsetsListener val$listener -> c
    android.view.View val$v -> b
    androidx.core.view.WindowInsetsCompat mLastInsets -> a
androidx.core.view.ViewCompat$Api23Impl -> androidx.core.view.e$h:
    androidx.core.view.WindowInsetsCompat getRootWindowInsets(android.view.View) -> a
    int getScrollIndicators(android.view.View) -> b
    void setScrollIndicators(android.view.View,int) -> c
    void setScrollIndicators(android.view.View,int,int) -> d
androidx.core.view.ViewCompat$Api23Impl$$ExternalSyntheticApiModelOutline0 -> androidx.core.view.g0:
# {"id":"sourceFile","fileName":"R8$$SyntheticClass"}
# {"id":"com.android.tools.r8.synthesized"}
    void androidx.core.view.ViewCompat$Api23Impl$$InternalSyntheticApiModelOutline$1$0f873947dab9bc0228151dde6e1846cb2eb50caeda36725fa24af8b3cc0d938f$0.m(android.view.View,int) -> a
      # {"id":"com.android.tools.r8.synthesized"}
androidx.core.view.ViewCompat$Api23Impl$$ExternalSyntheticApiModelOutline1 -> androidx.core.view.h0:
# {"id":"sourceFile","fileName":"R8$$SyntheticClass"}
# {"id":"com.android.tools.r8.synthesized"}
    android.view.WindowInsets androidx.core.view.ViewCompat$Api23Impl$$InternalSyntheticApiModelOutline$1$17a4f2167f83c6d7e7ae6b37753ef4837b467faefba081d3bd3451f5879ef666$0.m(android.view.View) -> a
      # {"id":"com.android.tools.r8.synthesized"}
androidx.core.view.ViewCompat$Api23Impl$$ExternalSyntheticApiModelOutline2 -> androidx.core.view.i0:
# {"id":"sourceFile","fileName":"R8$$SyntheticClass"}
# {"id":"com.android.tools.r8.synthesized"}
    void androidx.core.view.ViewCompat$Api23Impl$$InternalSyntheticApiModelOutline$1$ab2b07135623adc0ae670c8744e687a5035f30cc49ded2d0d0fb0949471867ed$0.m(android.view.View,int,int) -> a
      # {"id":"com.android.tools.r8.synthesized"}
androidx.core.view.ViewCompat$Api23Impl$$ExternalSyntheticApiModelOutline3 -> androidx.core.view.j0:
# {"id":"sourceFile","fileName":"R8$$SyntheticClass"}
# {"id":"com.android.tools.r8.synthesized"}
    int androidx.core.view.ViewCompat$Api23Impl$$InternalSyntheticApiModelOutline$1$ce28caf4066c3dbfdfe26aef32928ba48cec5f5a00a0b5563827ca0162ed6355$0.m(android.view.View) -> a
      # {"id":"com.android.tools.r8.synthesized"}
androidx.core.view.ViewCompat$Api28Impl -> androidx.core.view.e$i:
    void addOnUnhandledKeyEventListener(android.view.View,androidx.core.view.ViewCompat$OnUnhandledKeyEventListenerCompat) -> a
    java.lang.CharSequence getAccessibilityPaneTitle(android.view.View) -> b
    boolean isAccessibilityHeading(android.view.View) -> c
    boolean isScreenReaderFocusable(android.view.View) -> d
    void removeOnUnhandledKeyEventListener(android.view.View,androidx.core.view.ViewCompat$OnUnhandledKeyEventListenerCompat) -> e
    java.lang.Object requireViewById(android.view.View,int) -> f
    void setAccessibilityHeading(android.view.View,boolean) -> g
    void setAccessibilityPaneTitle(android.view.View,java.lang.CharSequence) -> h
    void setScreenReaderFocusable(android.view.View,boolean) -> i
androidx.core.view.ViewCompat$Api28Impl$$ExternalSyntheticApiModelOutline0 -> androidx.core.view.k0:
# {"id":"sourceFile","fileName":"R8$$SyntheticClass"}
# {"id":"com.android.tools.r8.synthesized"}
    boolean androidx.core.view.ViewCompat$Api28Impl$$InternalSyntheticApiModelOutline$2$033abd8ccb945e8c0b596674aaf92f2c24c117c51a1733adca4afb57c1b4bc4c$0.m(android.view.View) -> a
      # {"id":"com.android.tools.r8.synthesized"}
androidx.core.view.ViewCompat$Api28Impl$$ExternalSyntheticApiModelOutline1 -> androidx.core.view.l0:
# {"id":"sourceFile","fileName":"R8$$SyntheticClass"}
# {"id":"com.android.tools.r8.synthesized"}
    void androidx.core.view.ViewCompat$Api28Impl$$InternalSyntheticApiModelOutline$2$091133f26920f0c1778f6311f3f5d02277b3e389bac102f50b00a42ee1d83bfd$0.m(android.view.View,boolean) -> a
      # {"id":"com.android.tools.r8.synthesized"}