build/app/outputs/mapping/release/usage.txt
com.example.admin_management.BuildConfig
com.example.admin_management.R$attr
com.example.admin_management.R$color
com.example.admin_management.R$dimen
com.example.admin_management.R$drawable
com.example.admin_management.R$id
com.example.admin_management.R$integer
com.example.admin_management.R$layout
com.example.admin_management.R$mipmap
com.example.admin_management.R$string
com.example.admin_management.R$style
com.example.admin_management.R$styleable
com.example.admin_management.R$xml
com.example.admin_management.R
...
kotlinx.coroutines.UndispatchedCoroutine:
    public void <init>(kotlin.coroutines.CoroutineContext,kotlin.coroutines.Continuation)
kotlinx.coroutines.YieldKt
kotlinx.coroutines.android.HandlerContext$invokeOnTimeout$$inlined$DisposableHandle$1
kotlinx.coroutines.android.HandlerContext$scheduleResumeAfterDelay$$inlined$Runnable$1
kotlinx.coroutines.android.HandlerContext$scheduleResumeAfterDelay$1
kotlinx.coroutines.android.HandlerContext:
    public static final synthetic android.os.Handler access$getHandler$p(kotlinx.coroutines.android.HandlerContext)
    public synthetic bridge kotlinx.coroutines.android.HandlerDispatcher getImmediate()
    public kotlinx.coroutines.DisposableHandle invokeOnTimeout(long,java.lang.Runnable,kotlin.coroutines.CoroutineContext)
    public void scheduleResumeAfterDelay(long,kotlinx.coroutines.CancellableContinuation)
kotlinx.coroutines.android.HandlerDispatcher:
    public java.lang.Object delay(long,kotlin.coroutines.Continuation)
    public abstract kotlinx.coroutines.android.HandlerDispatcher getImmediate()
    public kotlinx.coroutines.DisposableHandle invokeOnTimeout(long,java.lang.Runnable,kotlin.coroutines.CoroutineContext)
kotlinx.coroutines.android.HandlerDispatcherKt$awaitFrame$lambda-3$$inlined$Runnable$1
kotlinx.coroutines.android.HandlerDispatcherKt:
    private static final long MAX_DELAY
    public static final synthetic void access$postFrameCallback(android.view.Choreographer,kotlinx.coroutines.CancellableContinuation)
    public static final synthetic void access$updateChoreographerAndPostFrameCallback(kotlinx.coroutines.CancellableContinuation)
    public static final java.lang.Object awaitFrame(kotlin.coroutines.Continuation)
    public static final kotlinx.coroutines.android.HandlerDispatcher from(android.os.Handler)
    public static final kotlinx.coroutines.android.HandlerDispatcher from(android.os.Handler,java.lang.String)
    public static synthetic kotlinx.coroutines.android.HandlerDispatcher from$default(android.os.Handler,java.lang.String,int,java.lang.Object)
    public static synthetic void getMain$annotations()
    private static final void postFrameCallback(android.view.Choreographer,kotlinx.coroutines.CancellableContinuation)
    private static final void postFrameCallback$lambda-6(kotlinx.coroutines.CancellableContinuation,long)
    private static final void updateChoreographerAndPostFrameCallback(kotlinx.coroutines.CancellableContinuation)
kotlinx.coroutines.channels.AbstractChannel$Itr:
    public static final synthetic java.lang.Object access$hasNextSuspend(kotlinx.coroutines.channels.AbstractChannel$Itr,kotlin.coroutines.Continuation)
    public synthetic java.lang.Object next(kotlin.coroutines.Continuation)
kotlinx.coroutines.channels.AbstractChannel$ReceiveElement
kotlinx.coroutines.channels.AbstractChannel$ReceiveElementWithUndeliveredHandler
kotlinx.coroutines.channels.AbstractChannel$ReceiveSelect
kotlinx.coroutines.channels.AbstractChannel$TryPollDesc
kotlinx.coroutines.channels.AbstractChannel$onReceive$1
kotlinx.coroutines.channels.AbstractChannel$onReceiveCatching$1
kotlinx.coroutines.channels.AbstractChannel$receiveCatching$1